 gin timestamp=1629970167.286807s
1263c789-52e6-4680-9a16-e0185baa9288 oesteban@oscars-MacBook-Pro.local:~/tmp/templateflow/tpl-MNI152NLin2009cAsym timestamp=1630074152.371214s
176ef808-c604-4da9-948b-7f1a21bcbddc oesteban@oscars-MacBook-Pro.local:~/tmp/templateflow/tpl-MNI152NLin2009cAsym timestamp=1629966405.565529s
25e2f6b6-0864-4354-8547-7ad2d78c8333 oesteban@dendrite:~/templateflow/tpl-MNI152NLin2009cAsym timestamp=1641373124.839528s
2a619641-5db3-4a7a-b0c7-08a7f66b4fcc rastko@Rastkos-MacBook-Pro.local:~/Downloads/tpl-MNI152NLin2009cAsym timestamp=1544872241.344842s
381edf99-6ed5-45c2-99c7-629da3ada8b8 oesteban@dendrite:~/datalad/templateflow/tpl-MNI152NLin2009cAsym timestamp=1629991828.393259s
5b090303-8bb9-4689-b438-e4e3c2b9191a public-s3 timestamp=1551482251.799742812s
6f9d9407-6c0d-462b-9b5f-15dcc035f7ea oesteban@dendrite:~/datalad/templateflow/tpl-MNI152NLin2009cAsym timestamp=1583952097.649494s
7b04a2e7-4c77-4c4c-b852-812509d7b50f oesteban@dendrite:~/datalad/templateflow/tpl-MNI152NLin2009cAsym timestamp=1551482132.008244256s
7dc9fed1-331d-4bc3-b0aa-3c6cacdffb93 oesteban@dendrite:~/datalad/templateflow/tpl-MNI152NLin2009cAsym timestamp=1586278648.85286s
7dcade2b-2f52-495e-a94b-990d0b90d21d mathiasg@PSY-C02ZL00SLVDP.local:~/code/datalad/templateflow/tpl-MNI152NLin2009cAsym timestamp=1582837252.343697s
7ecb2584-c310-4e6c-8e1c-fbedbf67ecb2 oesteban@dendrite:~/templateflow/tpl-MNI152NLin2009cAsym timestamp=1641393917.687724s
a92b7d07-6a00-4d57-bc7d-9e3e381faaeb oesteban@oscars-MacBook-Pro.local:~/datalad/templateflow/tpl-MNI152NLin2009cAsym timestamp=1630446295.520583s
be2ea00d-3ca0-4b5c-be61-343b867dbe28 oesteban@dendrite:~/datalad/templateflow/tpl-MNI152NLin2009cAsym timestamp=1539801730.640009775s
c536e2a4-7e71-403d-b598-0c3a726eb8c4 oesteban@hos65851:~/TemplateFlow/tpl-MNI152NLin2009cAsym timestamp=1636827327.362734s
cd0583d3-c2ff-4c34-bcd4-dcda2ee2e3b9 box.com timestamp=1548209477.445262676s
d7f1d2b9-afae-47ab-8d51-19fee65c97c3 s3 timestamp=1641385612.071515s
f6f04341-e9e7-4b1e-af0c-d26a99cb9c2a gin timestamp=1629991118.958551s
f6f04341-e9e7-4b1e-af0c-d26a99cb9c2a gin-src timestamp=1641508168.320056s
f6f04341-e9e7-4b1e-af0c-d26a99cb9c2a git@8242caf9acd8:/data/repos/templateflow/tpl-mni152nlin2009casym.git timestamp=1629970261.574127194s
